Mon Dec 28 14:26:57 Saved as file H:\ANIBIKE\HARDWARE\LIBRARY\ANIBIKE.LLB
Mon Dec 28 14:26:57 Loaded file H:\ANIBIKE\HARDWARE\LIBRARY\ANIBIKE.LLB
Mon Dec 28 14:26:57 Saved as file H:\ANIBIKE\HARDWARE\LIBRARY\ANIBIKE.LLB
Mon Dec 28 14:26:59 Loaded file H:\ANIBIKE\HARDWARE\LIBRARY\ANIBIKE.LLB
Mon Dec 28 14:27:00 Saved as file H:\ANIBIKE\HARDWARE\LIBRARY\ANIBIKE.LLB
Mon Dec 28 14:27:00 Loaded file C:\OrCAD\OrCAD_16.2\tools\Layout\data\template.imp
Mon Dec 28 14:27:04 Loaded file H:\ANIBIKE\HARDWARE\LIBRARY\ANIBIKE.LLB
Mon Dec 28 14:27:04 Saved as file H:\ANIBIKE\HARDWARE\LIBRARY\ANIBIKE.LLB
Mon Dec 28 14:27:04 Loaded file H:\ANIBIKE\HARDWARE\LIBRARY\ANIBIKE.LLB
Mon Dec 28 14:27:04 Saved as file H:\ANIBIKE\HARDWARE\LIBRARY\ANIBIKE.LLB
Mon Dec 28 14:27:05 Loaded file H:\ANIBIKE\HARDWARE\LIBRARY\ANIBIKE.LLB
Mon Dec 28 14:27:05 Saved as file H:\ANIBIKE\HARDWARE\LIBRARY\ANIBIKE.LLB
Mon Dec 28 14:27:11 Loaded file H:\ANIBIKE\HARDWARE\LIBRARY\ANIBIKE.LLB
Mon Dec 28 14:27:11 Loaded file C:\OrCAD\OrCAD_16.2\tools\Layout\library\ZIGZAG.llb
Mon Dec 28 14:27:12 Loaded file C:\OrCAD\OrCAD_16.2\tools\Layout\library\BCON100T.llb
Mon Dec 28 14:27:12 Loaded file C:\OrCAD\OrCAD_16.2\tools\Layout\library\ZIGZAG.llb
Mon Dec 28 14:27:13 Loaded file H:\ANIBIKE\HARDWARE\LIBRARY\ANIBIKE.LLB
Mon Dec 28 14:27:13 Loaded file C:\OrCAD\OrCAD_16.2\tools\Layout\library\ZIGZAG.llb
Mon Dec 28 14:27:13 Loaded file C:\OrCAD\OrCAD_16.2\tools\Layout\data\template.imp
Mon Dec 28 14:27:16 Loaded file C:\OrCAD\OrCAD_16.2\tools\Layout\data\template.imp
Mon Dec 28 14:27:16 Loaded file C:\OrCAD\OrCAD_16.2\tools\Layout\data\template.imp
Mon Dec 28 14:27:33 Loaded file H:\ANIBIKE\HARDWARE\LIBRARY\ANIBIKE.LLB
Mon Dec 28 14:27:34 Saved as file H:\ANIBIKE\HARDWARE\LIBRARY\ANIBIKE.LLB
Mon Dec 28 14:27:34 Loaded file H:\ANIBIKE\HARDWARE\LIBRARY\ANIBIKE.LLB
Mon Dec 28 14:27:34 Loaded file C:\OrCAD\OrCAD_16.2\tools\Layout\library\ZIGZAG.llb
Mon Dec 28 14:27:36 Loaded file H:\ANIBIKE\HARDWARE\LIBRARY\ANIBIKE.LLB
Mon Dec 28 14:27:36 Saved as file H:\ANIBIKE\HARDWARE\LIBRARY\ANIBIKE.LLB
Mon Dec 28 14:27:46 Loaded file H:\ANIBIKE\HARDWARE\LIBRARY\ANIBIKE.LLB
Mon Dec 28 14:27:54 Loaded file H:\ANIBIKE\HARDWARE\LIBRARY\ANIBIKE.LLB
